<?xml version="1.0" encoding="UTF-8"?>
<!-- Generated by org.testng.reporters.JUnitXMLReporter -->
<testsuite ignored="0" hostname="ASAG" failures="0" tests="33" name="Login Tests" time="252.086" errors="0" timestamp="2026-02-08T13:14:34 IST">
  <testcase classname="com.petstore.tests.LoginTest" name="validLoginTest" time="2.686"/>
  <testcase classname="com.petstore.tests.SearchTest" name="verifyProductAddToCart" time="3.98"/>
  <testcase classname="com.petstore.tests.SearchTest" name="verifyProductAddToCart" time="4.596"/>
  <testcase classname="com.petstore.tests.SearchTest" name="verifyProductAddToCart" time="4.309"/>
  <testcase classname="com.petstore.tests.SearchTest" name="verifyProductAddToCart" time="4.375"/>
  <testcase classname="com.petstore.tests.SearchTest" name="verifyProductAddToCart" time="4.707"/>
  <testcase classname="com.petstore.tests.SearchTest" name="verifyProductAddToCart" time="4.035"/>
  <testcase classname="com.petstore.tests.SearchTest" name="verifyProductAddToCart" time="3.896"/>
  <testcase classname="com.petstore.tests.SearchTest" name="verifyProductAddToCart" time="4.038"/>
  <testcase classname="com.petstore.tests.SearchTest" name="verifyProductAddToCart" time="4.401"/>
  <testcase classname="com.petstore.tests.SearchTest" name="verifyProductAddToCart" time="4.015"/>
  <testcase classname="com.petstore.tests.SearchTest" name="verifyProductAddToCart" time="4.143"/>
  <testcase classname="com.petstore.tests.SearchTest" name="verifyProductAddToCart" time="4.44"/>
  <testcase classname="com.petstore.tests.SearchTest" name="verifyProductAddToCart" time="3.909"/>
  <testcase classname="com.petstore.tests.SearchTest" name="verifyProductAddToCart" time="3.949"/>
  <testcase classname="com.petstore.tests.SearchTest" name="verifyProductAddToCart" time="3.848"/>
  <testcase classname="com.petstore.tests.SearchTest" name="verifyProductAddToCart" time="4.157"/>
  <testcase classname="com.petstore.tests.CheckoutTest" name="verifyCheckoutFlow" time="5.951"/>
  <testcase classname="com.petstore.tests.CheckoutTest" name="verifyCheckoutFlow" time="6.686"/>
  <testcase classname="com.petstore.tests.CheckoutTest" name="verifyCheckoutFlow" time="5.727"/>
  <testcase classname="com.petstore.tests.CheckoutTest" name="verifyCheckoutFlow" time="6.193"/>
  <testcase classname="com.petstore.tests.CheckoutTest" name="verifyCheckoutFlow" time="5.647"/>
  <testcase classname="com.petstore.tests.CheckoutTest" name="verifyCheckoutFlow" time="5.81"/>
  <testcase classname="com.petstore.tests.CheckoutTest" name="verifyCheckoutFlow" time="5.576"/>
  <testcase classname="com.petstore.tests.CheckoutTest" name="verifyCheckoutFlow" time="5.397"/>
  <testcase classname="com.petstore.tests.CheckoutTest" name="verifyCheckoutFlow" time="5.354"/>
  <testcase classname="com.petstore.tests.CheckoutTest" name="verifyCheckoutFlow" time="5.452"/>
  <testcase classname="com.petstore.tests.CheckoutTest" name="verifyCheckoutFlow" time="5.682"/>
  <testcase classname="com.petstore.tests.CheckoutTest" name="verifyCheckoutFlow" time="5.649"/>
  <testcase classname="com.petstore.tests.CheckoutTest" name="verifyCheckoutFlow" time="5.442"/>
  <testcase classname="com.petstore.tests.CheckoutTest" name="verifyCheckoutFlow" time="5.364"/>
  <testcase classname="com.petstore.tests.CheckoutTest" name="verifyCheckoutFlow" time="5.688"/>
  <testcase classname="com.petstore.tests.CheckoutTest" name="verifyCheckoutFlow" time="5.527"/>
</testsuite> <!-- Login Tests -->
