<?xml version="1.0" encoding="UTF-8"?>
<testng-results ignored="0" total="33" passed="33" failed="0" skipped="0">
  <reporter-output>
  </reporter-output>
  <suite started-at="2026-02-08T13:10:22 IST" name="Petstore Suite" finished-at="2026-02-08T13:14:34 IST" duration-ms="252086">
    <groups>
    </groups>
    <test started-at="2026-02-08T13:10:22 IST" name="Login Tests" finished-at="2026-02-08T13:14:34 IST" duration-ms="252086">
      <class name="com.petstore.tests.CheckoutTest">
        <test-method is-config="true" signature="setup()[pri:0, instance:com.petstore.tests.CheckoutTest@5fe94a96]" started-at="2026-02-08T13:12:19 IST" name="setup" finished-at="2026-02-08T13:12:21 IST" duration-ms="2207" status="PASS">
          <reporter-output>
          </reporter-output>
        </test-method> <!-- setup -->
        <test-method signature="verifyCheckoutFlow(java.lang.String,java.lang.String)[pri:0, instance:com.petstore.tests.CheckoutTest@5fe94a96]" started-at="2026-02-08T13:12:21 IST" name="verifyCheckoutFlow" data-provider="productData" finished-at="2026-02-08T13:12:27 IST" duration-ms="5951" status="PASS">
          <params>
            <param index="0">
              <value>
                <![CDATA[DOGS]]>
              </value>
            </param>
            <param index="1">
              <value>
                <![CDATA[K9-BD-01]]>
              </value>
            </param>
          </params>
          <reporter-output>
          </reporter-output>
        </test-method> <!-- verifyCheckoutFlow -->
        <test-method is-config="true" signature="tearDown()[pri:0, instance:com.petstore.tests.CheckoutTest@5fe94a96]" started-at="2026-02-08T13:12:27 IST" name="tearDown" finished-at="2026-02-08T13:12:28 IST" duration-ms="290" status="PASS">
          <reporter-output>
          </reporter-output>
        </test-method> <!-- tearDown -->
        <test-method is-config="true" signature="setup()[pri:0, instance:com.petstore.tests.CheckoutTest@5fe94a96]" started-at="2026-02-08T13:12:28 IST" name="setup" finished-at="2026-02-08T13:12:30 IST" duration-ms="2535" status="PASS">
          <reporter-output>
          </reporter-output>
        </test-method> <!-- setup -->
        <test-method signature="verifyCheckoutFlow(java.lang.String,java.lang.String)[pri:0, instance:com.petstore.tests.CheckoutTest@5fe94a96]" started-at="2026-02-08T13:12:30 IST" name="verifyCheckoutFlow" data-provider="productData" finished-at="2026-02-08T13:12:37 IST" duration-ms="6686" status="PASS">
          <params>
            <param index="0">
              <value>
                <![CDATA[DOGS]]>
              </value>
            </param>
            <param index="1">
              <value>
                <![CDATA[K9-PO-02]]>
              </value>
            </param>
          </params>
          <reporter-output>
          </reporter-output>
        </test-method> <!-- verifyCheckoutFlow -->
        <test-method is-config="true" signature="tearDown()[pri:0, instance:com.petstore.tests.CheckoutTest@5fe94a96]" started-at="2026-02-08T13:12:37 IST" name="tearDown" finished-at="2026-02-08T13:12:37 IST" duration-ms="383" status="PASS">
          <reporter-output>
          </reporter-output>
        </test-method> <!-- tearDown -->
        <test-method is-config="true" signature="setup()[pri:0, instance:com.petstore.tests.CheckoutTest@5fe94a96]" started-at="2026-02-08T13:12:37 IST" name="setup" finished-at="2026-02-08T13:12:40 IST" duration-ms="2536" status="PASS">
          <reporter-output>
          </reporter-output>
        </test-method> <!-- setup -->
        <test-method signature="verifyCheckoutFlow(java.lang.String,java.lang.String)[pri:0, instance:com.petstore.tests.CheckoutTest@5fe94a96]" started-at="2026-02-08T13:12:40 IST" name="verifyCheckoutFlow" data-provider="productData" finished-at="2026-02-08T13:12:46 IST" duration-ms="5727" status="PASS">
          <params>
            <param index="0">
              <value>
                <![CDATA[DOGS]]>
              </value>
            </param>
            <param index="1">
              <value>
                <![CDATA[K9-DL-01]]>
              </value>
            </param>
          </params>
          <reporter-output>
          </reporter-output>
        </test-method> <!-- verifyCheckoutFlow -->
        <test-method is-config="true" signature="tearDown()[pri:0, instance:com.petstore.tests.CheckoutTest@5fe94a96]" started-at="2026-02-08T13:12:46 IST" name="tearDown" finished-at="2026-02-08T13:12:46 IST" duration-ms="343" status="PASS">
          <reporter-output>
          </reporter-output>
        </test-method> <!-- tearDown -->
        <test-method is-config="true" signature="setup()[pri:0, instance:com.petstore.tests.CheckoutTest@5fe94a96]" started-at="2026-02-08T13:12:46 IST" name="setup" finished-at="2026-02-08T13:12:48 IST" duration-ms="2370" status="PASS">
          <reporter-output>
          </reporter-output>
        </test-method> <!-- setup -->
        <test-method signature="verifyCheckoutFlow(java.lang.String,java.lang.String)[pri:0, instance:com.petstore.tests.CheckoutTest@5fe94a96]" started-at="2026-02-08T13:12:48 IST" name="verifyCheckoutFlow" data-provider="productData" finished-at="2026-02-08T13:12:54 IST" duration-ms="6193" status="PASS">
          <params>
            <param index="0">
              <value>
                <![CDATA[DOGS]]>
              </value>
            </param>
            <param index="1">
              <value>
                <![CDATA[K9-RT-01]]>
              </value>
            </param>
          </params>
          <reporter-output>
          </reporter-output>
        </test-method> <!-- verifyCheckoutFlow -->
        <test-method is-config="true" signature="tearDown()[pri:0, instance:com.petstore.tests.CheckoutTest@5fe94a96]" started-at="2026-02-08T13:12:55 IST" name="tearDown" finished-at="2026-02-08T13:12:55 IST" duration-ms="309" status="PASS">
          <reporter-output>
          </reporter-output>
        </test-method> <!-- tearDown -->
        <test-method is-config="true" signature="setup()[pri:0, instance:com.petstore.tests.CheckoutTest@5fe94a96]" started-at="2026-02-08T13:12:55 IST" name="setup" finished-at="2026-02-08T13:12:57 IST" duration-ms="2128" status="PASS">
          <reporter-output>
          </reporter-output>
        </test-method> <!-- setup -->
        <test-method signature="verifyCheckoutFlow(java.lang.String,java.lang.String)[pri:0, instance:com.petstore.tests.CheckoutTest@5fe94a96]" started-at="2026-02-08T13:12:57 IST" name="verifyCheckoutFlow" data-provider="productData" finished-at="2026-02-08T13:13:03 IST" duration-ms="5647" status="PASS">
          <params>
            <param index="0">
              <value>
                <![CDATA[DOGS]]>
              </value>
            </param>
            <param index="1">
              <value>
                <![CDATA[K9-RT-02]]>
              </value>
            </param>
          </params>
          <reporter-output>
          </reporter-output>
        </test-method> <!-- verifyCheckoutFlow -->
        <test-method is-config="true" signature="tearDown()[pri:0, instance:com.petstore.tests.CheckoutTest@5fe94a96]" started-at="2026-02-08T13:13:03 IST" name="tearDown" finished-at="2026-02-08T13:13:03 IST" duration-ms="362" status="PASS">
          <reporter-output>
          </reporter-output>
        </test-method> <!-- tearDown -->
        <test-method is-config="true" signature="setup()[pri:0, instance:com.petstore.tests.CheckoutTest@5fe94a96]" started-at="2026-02-08T13:13:03 IST" name="setup" finished-at="2026-02-08T13:13:05 IST" duration-ms="2483" status="PASS">
          <reporter-output>
          </reporter-output>
        </test-method> <!-- setup -->
        <test-method signature="verifyCheckoutFlow(java.lang.String,java.lang.String)[pri:0, instance:com.petstore.tests.CheckoutTest@5fe94a96]" started-at="2026-02-08T13:13:05 IST" name="verifyCheckoutFlow" data-provider="productData" finished-at="2026-02-08T13:13:11 IST" duration-ms="5810" status="PASS">
          <params>
            <param index="0">
              <value>
                <![CDATA[DOGS]]>
              </value>
            </param>
            <param index="1">
              <value>
                <![CDATA[K9-CW-01]]>
              </value>
            </param>
          </params>
          <reporter-output>
          </reporter-output>
        </test-method> <!-- verifyCheckoutFlow -->
        <test-method is-config="true" signature="tearDown()[pri:0, instance:com.petstore.tests.CheckoutTest@5fe94a96]" started-at="2026-02-08T13:13:11 IST" name="tearDown" finished-at="2026-02-08T13:13:12 IST" duration-ms="325" status="PASS">
          <reporter-output>
          </reporter-output>
        </test-method> <!-- tearDown -->
        <test-method is-config="true" signature="setup()[pri:0, instance:com.petstore.tests.CheckoutTest@5fe94a96]" started-at="2026-02-08T13:13:12 IST" name="setup" finished-at="2026-02-08T13:13:14 IST" duration-ms="2633" status="PASS">
          <reporter-output>
          </reporter-output>
        </test-method> <!-- setup -->
        <test-method signature="verifyCheckoutFlow(java.lang.String,java.lang.String)[pri:0, instance:com.petstore.tests.CheckoutTest@5fe94a96]" started-at="2026-02-08T13:13:14 IST" name="verifyCheckoutFlow" data-provider="productData" finished-at="2026-02-08T13:13:20 IST" duration-ms="5576" status="PASS">
          <params>
            <param index="0">
              <value>
                <![CDATA[FISH]]>
              </value>
            </param>
            <param index="1">
              <value>
                <![CDATA[FI-SW-01]]>
              </value>
            </param>
          </params>
          <reporter-output>
          </reporter-output>
        </test-method> <!-- verifyCheckoutFlow -->
        <test-method is-config="true" signature="tearDown()[pri:0, instance:com.petstore.tests.CheckoutTest@5fe94a96]" started-at="2026-02-08T13:13:20 IST" name="tearDown" finished-at="2026-02-08T13:13:20 IST" duration-ms="312" status="PASS">
          <reporter-output>
          </reporter-output>
        </test-method> <!-- tearDown -->
        <test-method is-config="true" signature="setup()[pri:0, instance:com.petstore.tests.CheckoutTest@5fe94a96]" started-at="2026-02-08T13:13:20 IST" name="setup" finished-at="2026-02-08T13:13:22 IST" duration-ms="2400" status="PASS">
          <reporter-output>
          </reporter-output>
        </test-method> <!-- setup -->
        <test-method signature="verifyCheckoutFlow(java.lang.String,java.lang.String)[pri:0, instance:com.petstore.tests.CheckoutTest@5fe94a96]" started-at="2026-02-08T13:13:22 IST" name="verifyCheckoutFlow" data-provider="productData" finished-at="2026-02-08T13:13:28 IST" duration-ms="5397" status="PASS">
          <params>
            <param index="0">
              <value>
                <![CDATA[FISH]]>
              </value>
            </param>
            <param index="1">
              <value>
                <![CDATA[FI-SW-02]]>
              </value>
            </param>
          </params>
          <reporter-output>
          </reporter-output>
        </test-method> <!-- verifyCheckoutFlow -->
        <test-method is-config="true" signature="tearDown()[pri:0, instance:com.petstore.tests.CheckoutTest@5fe94a96]" started-at="2026-02-08T13:13:28 IST" name="tearDown" finished-at="2026-02-08T13:13:28 IST" duration-ms="295" status="PASS">
          <reporter-output>
          </reporter-output>
        </test-method> <!-- tearDown -->
        <test-method is-config="true" signature="setup()[pri:0, instance:com.petstore.tests.CheckoutTest@5fe94a96]" started-at="2026-02-08T13:13:28 IST" name="setup" finished-at="2026-02-08T13:13:31 IST" duration-ms="2353" status="PASS">
          <reporter-output>
          </reporter-output>
        </test-method> <!-- setup -->
        <test-method signature="verifyCheckoutFlow(java.lang.String,java.lang.String)[pri:0, instance:com.petstore.tests.CheckoutTest@5fe94a96]" started-at="2026-02-08T13:13:31 IST" name="verifyCheckoutFlow" data-provider="productData" finished-at="2026-02-08T13:13:36 IST" duration-ms="5354" status="PASS">
          <params>
            <param index="0">
              <value>
                <![CDATA[FISH]]>
              </value>
            </param>
            <param index="1">
              <value>
                <![CDATA[FI-FW-01]]>
              </value>
            </param>
          </params>
          <reporter-output>
          </reporter-output>
        </test-method> <!-- verifyCheckoutFlow -->
        <test-method is-config="true" signature="tearDown()[pri:0, instance:com.petstore.tests.CheckoutTest@5fe94a96]" started-at="2026-02-08T13:13:36 IST" name="tearDown" finished-at="2026-02-08T13:13:36 IST" duration-ms="303" status="PASS">
          <reporter-output>
          </reporter-output>
        </test-method> <!-- tearDown -->
        <test-method is-config="true" signature="setup()[pri:0, instance:com.petstore.tests.CheckoutTest@5fe94a96]" started-at="2026-02-08T13:13:36 IST" name="setup" finished-at="2026-02-08T13:13:39 IST" duration-ms="2634" status="PASS">
          <reporter-output>
          </reporter-output>
        </test-method> <!-- setup -->
        <test-method signature="verifyCheckoutFlow(java.lang.String,java.lang.String)[pri:0, instance:com.petstore.tests.CheckoutTest@5fe94a96]" started-at="2026-02-08T13:13:39 IST" name="verifyCheckoutFlow" data-provider="productData" finished-at="2026-02-08T13:13:44 IST" duration-ms="5452" status="PASS">
          <params>
            <param index="0">
              <value>
                <![CDATA[FISH]]>
              </value>
            </param>
            <param index="1">
              <value>
                <![CDATA[FI-FW-02]]>
              </value>
            </param>
          </params>
          <reporter-output>
          </reporter-output>
        </test-method> <!-- verifyCheckoutFlow -->
        <test-method is-config="true" signature="tearDown()[pri:0, instance:com.petstore.tests.CheckoutTest@5fe94a96]" started-at="2026-02-08T13:13:44 IST" name="tearDown" finished-at="2026-02-08T13:13:45 IST" duration-ms="298" status="PASS">
          <reporter-output>
          </reporter-output>
        </test-method> <!-- tearDown -->
        <test-method is-config="true" signature="setup()[pri:0, instance:com.petstore.tests.CheckoutTest@5fe94a96]" started-at="2026-02-08T13:13:45 IST" name="setup" finished-at="2026-02-08T13:13:47 IST" duration-ms="2514" status="PASS">
          <reporter-output>
          </reporter-output>
        </test-method> <!-- setup -->
        <test-method signature="verifyCheckoutFlow(java.lang.String,java.lang.String)[pri:0, instance:com.petstore.tests.CheckoutTest@5fe94a96]" started-at="2026-02-08T13:13:47 IST" name="verifyCheckoutFlow" data-provider="productData" finished-at="2026-02-08T13:13:53 IST" duration-ms="5682" status="PASS">
          <params>
            <param index="0">
              <value>
                <![CDATA[CATS]]>
              </value>
            </param>
            <param index="1">
              <value>
                <![CDATA[FL-DSH-01]]>
              </value>
            </param>
          </params>
          <reporter-output>
          </reporter-output>
        </test-method> <!-- verifyCheckoutFlow -->
        <test-method is-config="true" signature="tearDown()[pri:0, instance:com.petstore.tests.CheckoutTest@5fe94a96]" started-at="2026-02-08T13:13:53 IST" name="tearDown" finished-at="2026-02-08T13:13:53 IST" duration-ms="408" status="PASS">
          <reporter-output>
          </reporter-output>
        </test-method> <!-- tearDown -->
        <test-method is-config="true" signature="setup()[pri:0, instance:com.petstore.tests.CheckoutTest@5fe94a96]" started-at="2026-02-08T13:13:53 IST" name="setup" finished-at="2026-02-08T13:13:55 IST" duration-ms="2124" status="PASS">
          <reporter-output>
          </reporter-output>
        </test-method> <!-- setup -->
        <test-method signature="verifyCheckoutFlow(java.lang.String,java.lang.String)[pri:0, instance:com.petstore.tests.CheckoutTest@5fe94a96]" started-at="2026-02-08T13:13:55 IST" name="verifyCheckoutFlow" data-provider="productData" finished-at="2026-02-08T13:14:01 IST" duration-ms="5649" status="PASS">
          <params>
            <param index="0">
              <value>
                <![CDATA[CATS]]>
              </value>
            </param>
            <param index="1">
              <value>
                <![CDATA[FL-DLH-02]]>
              </value>
            </param>
          </params>
          <reporter-output>
          </reporter-output>
        </test-method> <!-- verifyCheckoutFlow -->
        <test-method is-config="true" signature="tearDown()[pri:0, instance:com.petstore.tests.CheckoutTest@5fe94a96]" started-at="2026-02-08T13:14:01 IST" name="tearDown" finished-at="2026-02-08T13:14:01 IST" duration-ms="400" status="PASS">
          <reporter-output>
          </reporter-output>
        </test-method> <!-- tearDown -->
        <test-method is-config="true" signature="setup()[pri:0, instance:com.petstore.tests.CheckoutTest@5fe94a96]" started-at="2026-02-08T13:14:01 IST" name="setup" finished-at="2026-02-08T13:14:04 IST" duration-ms="2425" status="PASS">
          <reporter-output>
          </reporter-output>
        </test-method> <!-- setup -->
        <test-method signature="verifyCheckoutFlow(java.lang.String,java.lang.String)[pri:0, instance:com.petstore.tests.CheckoutTest@5fe94a96]" started-at="2026-02-08T13:14:04 IST" name="verifyCheckoutFlow" data-provider="productData" finished-at="2026-02-08T13:14:09 IST" duration-ms="5442" status="PASS">
          <params>
            <param index="0">
              <value>
                <![CDATA[REPTILES]]>
              </value>
            </param>
            <param index="1">
              <value>
                <![CDATA[RP-SN-01]]>
              </value>
            </param>
          </params>
          <reporter-output>
          </reporter-output>
        </test-method> <!-- verifyCheckoutFlow -->
        <test-method is-config="true" signature="tearDown()[pri:0, instance:com.petstore.tests.CheckoutTest@5fe94a96]" started-at="2026-02-08T13:14:09 IST" name="tearDown" finished-at="2026-02-08T13:14:10 IST" duration-ms="290" status="PASS">
          <reporter-output>
          </reporter-output>
        </test-method> <!-- tearDown -->
        <test-method is-config="true" signature="setup()[pri:0, instance:com.petstore.tests.CheckoutTest@5fe94a96]" started-at="2026-02-08T13:14:10 IST" name="setup" finished-at="2026-02-08T13:14:12 IST" duration-ms="2390" status="PASS">
          <reporter-output>
          </reporter-output>
        </test-method> <!-- setup -->
        <test-method signature="verifyCheckoutFlow(java.lang.String,java.lang.String)[pri:0, instance:com.petstore.tests.CheckoutTest@5fe94a96]" started-at="2026-02-08T13:14:12 IST" name="verifyCheckoutFlow" data-provider="productData" finished-at="2026-02-08T13:14:17 IST" duration-ms="5364" status="PASS">
          <params>
            <param index="0">
              <value>
                <![CDATA[REPTILES]]>
              </value>
            </param>
            <param index="1">
              <value>
                <![CDATA[RP-LI-02]]>
              </value>
            </param>
          </params>
          <reporter-output>
          </reporter-output>
        </test-method> <!-- verifyCheckoutFlow -->
        <test-method is-config="true" signature="tearDown()[pri:0, instance:com.petstore.tests.CheckoutTest@5fe94a96]" started-at="2026-02-08T13:14:17 IST" name="tearDown" finished-at="2026-02-08T13:14:18 IST" duration-ms="341" status="PASS">
          <reporter-output>
          </reporter-output>
        </test-method> <!-- tearDown -->
        <test-method is-config="true" signature="setup()[pri:0, instance:com.petstore.tests.CheckoutTest@5fe94a96]" started-at="2026-02-08T13:14:18 IST" name="setup" finished-at="2026-02-08T13:14:20 IST" duration-ms="2444" status="PASS">
          <reporter-output>
          </reporter-output>
        </test-method> <!-- setup -->
        <test-method signature="verifyCheckoutFlow(java.lang.String,java.lang.String)[pri:0, instance:com.petstore.tests.CheckoutTest@5fe94a96]" started-at="2026-02-08T13:14:20 IST" name="verifyCheckoutFlow" data-provider="productData" finished-at="2026-02-08T13:14:26 IST" duration-ms="5688" status="PASS">
          <params>
            <param index="0">
              <value>
                <![CDATA[BIRDS]]>
              </value>
            </param>
            <param index="1">
              <value>
                <![CDATA[AV-CB-01]]>
              </value>
            </param>
          </params>
          <reporter-output>
          </reporter-output>
        </test-method> <!-- verifyCheckoutFlow -->
        <test-method is-config="true" signature="tearDown()[pri:0, instance:com.petstore.tests.CheckoutTest@5fe94a96]" started-at="2026-02-08T13:14:26 IST" name="tearDown" finished-at="2026-02-08T13:14:26 IST" duration-ms="339" status="PASS">
          <reporter-output>
          </reporter-output>
        </test-method> <!-- tearDown -->
        <test-method is-config="true" signature="setup()[pri:0, instance:com.petstore.tests.CheckoutTest@5fe94a96]" started-at="2026-02-08T13:14:26 IST" name="setup" finished-at="2026-02-08T13:14:29 IST" duration-ms="2430" status="PASS">
          <reporter-output>
          </reporter-output>
        </test-method> <!-- setup -->
        <test-method signature="verifyCheckoutFlow(java.lang.String,java.lang.String)[pri:0, instance:com.petstore.tests.CheckoutTest@5fe94a96]" started-at="2026-02-08T13:14:29 IST" name="verifyCheckoutFlow" data-provider="productData" finished-at="2026-02-08T13:14:34 IST" duration-ms="5527" status="PASS">
          <params>
            <param index="0">
              <value>
                <![CDATA[BIRDS]]>
              </value>
            </param>
            <param index="1">
              <value>
                <![CDATA[AV-SB-02]]>
              </value>
            </param>
          </params>
          <reporter-output>
          </reporter-output>
        </test-method> <!-- verifyCheckoutFlow -->
        <test-method is-config="true" signature="tearDown()[pri:0, instance:com.petstore.tests.CheckoutTest@5fe94a96]" started-at="2026-02-08T13:14:34 IST" name="tearDown" finished-at="2026-02-08T13:14:34 IST" duration-ms="322" status="PASS">
          <reporter-output>
          </reporter-output>
        </test-method> <!-- tearDown -->
      </class> <!-- com.petstore.tests.CheckoutTest -->
      <class name="com.petstore.tests.LoginTest">
        <test-method is-config="true" signature="setup()[pri:0, instance:com.petstore.tests.LoginTest@2f9f7dcf]" started-at="2026-02-08T13:10:22 IST" name="setup" finished-at="2026-02-08T13:10:26 IST" duration-ms="3203" status="PASS">
          <reporter-output>
          </reporter-output>
        </test-method> <!-- setup -->
        <test-method signature="validLoginTest()[pri:0, instance:com.petstore.tests.LoginTest@2f9f7dcf]" started-at="2026-02-08T13:10:26 IST" name="validLoginTest" finished-at="2026-02-08T13:10:28 IST" duration-ms="2686" status="PASS">
          <reporter-output>
          </reporter-output>
        </test-method> <!-- validLoginTest -->
        <test-method is-config="true" signature="tearDown()[pri:0, instance:com.petstore.tests.LoginTest@2f9f7dcf]" started-at="2026-02-08T13:10:28 IST" name="tearDown" finished-at="2026-02-08T13:10:29 IST" duration-ms="297" status="PASS">
          <reporter-output>
          </reporter-output>
        </test-method> <!-- tearDown -->
      </class> <!-- com.petstore.tests.LoginTest -->
      <class name="com.petstore.tests.SearchTest">
        <test-method is-config="true" signature="setup()[pri:0, instance:com.petstore.tests.SearchTest@639c2c1d]" started-at="2026-02-08T13:10:29 IST" name="setup" finished-at="2026-02-08T13:10:31 IST" duration-ms="2367" status="PASS">
          <reporter-output>
          </reporter-output>
        </test-method> <!-- setup -->
        <test-method signature="verifyProductAddToCart(java.lang.String,java.lang.String)[pri:0, instance:com.petstore.tests.SearchTest@639c2c1d]" started-at="2026-02-08T13:10:31 IST" name="verifyProductAddToCart" data-provider="productData" finished-at="2026-02-08T13:10:35 IST" duration-ms="3980" status="PASS">
          <params>
            <param index="0">
              <value>
                <![CDATA[DOGS]]>
              </value>
            </param>
            <param index="1">
              <value>
                <![CDATA[K9-BD-01]]>
              </value>
            </param>
          </params>
          <reporter-output>
          </reporter-output>
        </test-method> <!-- verifyProductAddToCart -->
        <test-method is-config="true" signature="tearDown()[pri:0, instance:com.petstore.tests.SearchTest@639c2c1d]" started-at="2026-02-08T13:10:35 IST" name="tearDown" finished-at="2026-02-08T13:10:35 IST" duration-ms="274" status="PASS">
          <reporter-output>
          </reporter-output>
        </test-method> <!-- tearDown -->
        <test-method is-config="true" signature="setup()[pri:0, instance:com.petstore.tests.SearchTest@639c2c1d]" started-at="2026-02-08T13:10:35 IST" name="setup" finished-at="2026-02-08T13:10:38 IST" duration-ms="2520" status="PASS">
          <reporter-output>
          </reporter-output>
        </test-method> <!-- setup -->
        <test-method signature="verifyProductAddToCart(java.lang.String,java.lang.String)[pri:0, instance:com.petstore.tests.SearchTest@639c2c1d]" started-at="2026-02-08T13:10:38 IST" name="verifyProductAddToCart" data-provider="productData" finished-at="2026-02-08T13:10:42 IST" duration-ms="4596" status="PASS">
          <params>
            <param index="0">
              <value>
                <![CDATA[DOGS]]>
              </value>
            </param>
            <param index="1">
              <value>
                <![CDATA[K9-PO-02]]>
              </value>
            </param>
          </params>
          <reporter-output>
          </reporter-output>
        </test-method> <!-- verifyProductAddToCart -->
        <test-method is-config="true" signature="tearDown()[pri:0, instance:com.petstore.tests.SearchTest@639c2c1d]" started-at="2026-02-08T13:10:42 IST" name="tearDown" finished-at="2026-02-08T13:10:43 IST" duration-ms="325" status="PASS">
          <reporter-output>
          </reporter-output>
        </test-method> <!-- tearDown -->
        <test-method is-config="true" signature="setup()[pri:0, instance:com.petstore.tests.SearchTest@639c2c1d]" started-at="2026-02-08T13:10:43 IST" name="setup" finished-at="2026-02-08T13:10:45 IST" duration-ms="2438" status="PASS">
          <reporter-output>
          </reporter-output>
        </test-method> <!-- setup -->
        <test-method signature="verifyProductAddToCart(java.lang.String,java.lang.String)[pri:0, instance:com.petstore.tests.SearchTest@639c2c1d]" started-at="2026-02-08T13:10:45 IST" name="verifyProductAddToCart" data-provider="productData" finished-at="2026-02-08T13:10:49 IST" duration-ms="4309" status="PASS">
          <params>
            <param index="0">
              <value>
                <![CDATA[DOGS]]>
              </value>
            </param>
            <param index="1">
              <value>
                <![CDATA[K9-DL-01]]>
              </value>
            </param>
          </params>
          <reporter-output>
          </reporter-output>
        </test-method> <!-- verifyProductAddToCart -->
        <test-method is-config="true" signature="tearDown()[pri:0, instance:com.petstore.tests.SearchTest@639c2c1d]" started-at="2026-02-08T13:10:49 IST" name="tearDown" finished-at="2026-02-08T13:10:50 IST" duration-ms="301" status="PASS">
          <reporter-output>
          </reporter-output>
        </test-method> <!-- tearDown -->
        <test-method is-config="true" signature="setup()[pri:0, instance:com.petstore.tests.SearchTest@639c2c1d]" started-at="2026-02-08T13:10:50 IST" name="setup" finished-at="2026-02-08T13:10:52 IST" duration-ms="2471" status="PASS">
          <reporter-output>
          </reporter-output>
        </test-method> <!-- setup -->
        <test-method signature="verifyProductAddToCart(java.lang.String,java.lang.String)[pri:0, instance:com.petstore.tests.SearchTest@639c2c1d]" started-at="2026-02-08T13:10:52 IST" name="verifyProductAddToCart" data-provider="productData" finished-at="2026-02-08T13:10:57 IST" duration-ms="4375" status="PASS">
          <params>
            <param index="0">
              <value>
                <![CDATA[DOGS]]>
              </value>
            </param>
            <param index="1">
              <value>
                <![CDATA[K9-RT-01]]>
              </value>
            </param>
          </params>
          <reporter-output>
          </reporter-output>
        </test-method> <!-- verifyProductAddToCart -->
        <test-method is-config="true" signature="tearDown()[pri:0, instance:com.petstore.tests.SearchTest@639c2c1d]" started-at="2026-02-08T13:10:57 IST" name="tearDown" finished-at="2026-02-08T13:10:57 IST" duration-ms="323" status="PASS">
          <reporter-output>
          </reporter-output>
        </test-method> <!-- tearDown -->
        <test-method is-config="true" signature="setup()[pri:0, instance:com.petstore.tests.SearchTest@639c2c1d]" started-at="2026-02-08T13:10:57 IST" name="setup" finished-at="2026-02-08T13:10:59 IST" duration-ms="2547" status="PASS">
          <reporter-output>
          </reporter-output>
        </test-method> <!-- setup -->
        <test-method signature="verifyProductAddToCart(java.lang.String,java.lang.String)[pri:0, instance:com.petstore.tests.SearchTest@639c2c1d]" started-at="2026-02-08T13:10:59 IST" name="verifyProductAddToCart" data-provider="productData" finished-at="2026-02-08T13:11:04 IST" duration-ms="4707" status="PASS">
          <params>
            <param index="0">
              <value>
                <![CDATA[DOGS]]>
              </value>
            </param>
            <param index="1">
              <value>
                <![CDATA[K9-RT-02]]>
              </value>
            </param>
          </params>
          <reporter-output>
          </reporter-output>
        </test-method> <!-- verifyProductAddToCart -->
        <test-method is-config="true" signature="tearDown()[pri:0, instance:com.petstore.tests.SearchTest@639c2c1d]" started-at="2026-02-08T13:11:04 IST" name="tearDown" finished-at="2026-02-08T13:11:04 IST" duration-ms="297" status="PASS">
          <reporter-output>
          </reporter-output>
        </test-method> <!-- tearDown -->
        <test-method is-config="true" signature="setup()[pri:0, instance:com.petstore.tests.SearchTest@639c2c1d]" started-at="2026-02-08T13:11:04 IST" name="setup" finished-at="2026-02-08T13:11:07 IST" duration-ms="2538" status="PASS">
          <reporter-output>
          </reporter-output>
        </test-method> <!-- setup -->
        <test-method signature="verifyProductAddToCart(java.lang.String,java.lang.String)[pri:0, instance:com.petstore.tests.SearchTest@639c2c1d]" started-at="2026-02-08T13:11:07 IST" name="verifyProductAddToCart" data-provider="productData" finished-at="2026-02-08T13:11:11 IST" duration-ms="4035" status="PASS">
          <params>
            <param index="0">
              <value>
                <![CDATA[DOGS]]>
              </value>
            </param>
            <param index="1">
              <value>
                <![CDATA[K9-CW-01]]>
              </value>
            </param>
          </params>
          <reporter-output>
          </reporter-output>
        </test-method> <!-- verifyProductAddToCart -->
        <test-method is-config="true" signature="tearDown()[pri:0, instance:com.petstore.tests.SearchTest@639c2c1d]" started-at="2026-02-08T13:11:11 IST" name="tearDown" finished-at="2026-02-08T13:11:11 IST" duration-ms="323" status="PASS">
          <reporter-output>
          </reporter-output>
        </test-method> <!-- tearDown -->
        <test-method is-config="true" signature="setup()[pri:0, instance:com.petstore.tests.SearchTest@639c2c1d]" started-at="2026-02-08T13:11:11 IST" name="setup" finished-at="2026-02-08T13:11:14 IST" duration-ms="2364" status="PASS">
          <reporter-output>
          </reporter-output>
        </test-method> <!-- setup -->
        <test-method signature="verifyProductAddToCart(java.lang.String,java.lang.String)[pri:0, instance:com.petstore.tests.SearchTest@639c2c1d]" started-at="2026-02-08T13:11:14 IST" name="verifyProductAddToCart" data-provider="productData" finished-at="2026-02-08T13:11:18 IST" duration-ms="3896" status="PASS">
          <params>
            <param index="0">
              <value>
                <![CDATA[FISH]]>
              </value>
            </param>
            <param index="1">
              <value>
                <![CDATA[FI-SW-01]]>
              </value>
            </param>
          </params>
          <reporter-output>
          </reporter-output>
        </test-method> <!-- verifyProductAddToCart -->
        <test-method is-config="true" signature="tearDown()[pri:0, instance:com.petstore.tests.SearchTest@639c2c1d]" started-at="2026-02-08T13:11:18 IST" name="tearDown" finished-at="2026-02-08T13:11:18 IST" duration-ms="322" status="PASS">
          <reporter-output>
          </reporter-output>
        </test-method> <!-- tearDown -->
        <test-method is-config="true" signature="setup()[pri:0, instance:com.petstore.tests.SearchTest@639c2c1d]" started-at="2026-02-08T13:11:18 IST" name="setup" finished-at="2026-02-08T13:11:20 IST" duration-ms="2485" status="PASS">
          <reporter-output>
          </reporter-output>
        </test-method> <!-- setup -->
        <test-method signature="verifyProductAddToCart(java.lang.String,java.lang.String)[pri:0, instance:com.petstore.tests.SearchTest@639c2c1d]" started-at="2026-02-08T13:11:20 IST" name="verifyProductAddToCart" data-provider="productData" finished-at="2026-02-08T13:11:24 IST" duration-ms="4038" status="PASS">
          <params>
            <param index="0">
              <value>
                <![CDATA[FISH]]>
              </value>
            </param>
            <param index="1">
              <value>
                <![CDATA[FI-SW-02]]>
              </value>
            </param>
          </params>
          <reporter-output>
          </reporter-output>
        </test-method> <!-- verifyProductAddToCart -->
        <test-method is-config="true" signature="tearDown()[pri:0, instance:com.petstore.tests.SearchTest@639c2c1d]" started-at="2026-02-08T13:11:24 IST" name="tearDown" finished-at="2026-02-08T13:11:25 IST" duration-ms="298" status="PASS">
          <reporter-output>
          </reporter-output>
        </test-method> <!-- tearDown -->
        <test-method is-config="true" signature="setup()[pri:0, instance:com.petstore.tests.SearchTest@639c2c1d]" started-at="2026-02-08T13:11:25 IST" name="setup" finished-at="2026-02-08T13:11:27 IST" duration-ms="2397" status="PASS">
          <reporter-output>
          </reporter-output>
        </test-method> <!-- setup -->
        <test-method signature="verifyProductAddToCart(java.lang.String,java.lang.String)[pri:0, instance:com.petstore.tests.SearchTest@639c2c1d]" started-at="2026-02-08T13:11:27 IST" name="verifyProductAddToCart" data-provider="productData" finished-at="2026-02-08T13:11:31 IST" duration-ms="4401" status="PASS">
          <params>
            <param index="0">
              <value>
                <![CDATA[FISH]]>
              </value>
            </param>
            <param index="1">
              <value>
                <![CDATA[FI-FW-01]]>
              </value>
            </param>
          </params>
          <reporter-output>
          </reporter-output>
        </test-method> <!-- verifyProductAddToCart -->
        <test-method is-config="true" signature="tearDown()[pri:0, instance:com.petstore.tests.SearchTest@639c2c1d]" started-at="2026-02-08T13:11:31 IST" name="tearDown" finished-at="2026-02-08T13:11:32 IST" duration-ms="298" status="PASS">
          <reporter-output>
          </reporter-output>
        </test-method> <!-- tearDown -->
        <test-method is-config="true" signature="setup()[pri:0, instance:com.petstore.tests.SearchTest@639c2c1d]" started-at="2026-02-08T13:11:32 IST" name="setup" finished-at="2026-02-08T13:11:34 IST" duration-ms="2468" status="PASS">
          <reporter-output>
          </reporter-output>
        </test-method> <!-- setup -->
        <test-method signature="verifyProductAddToCart(java.lang.String,java.lang.String)[pri:0, instance:com.petstore.tests.SearchTest@639c2c1d]" started-at="2026-02-08T13:11:34 IST" name="verifyProductAddToCart" data-provider="productData" finished-at="2026-02-08T13:11:38 IST" duration-ms="4015" status="PASS">
          <params>
            <param index="0">
              <value>
                <![CDATA[FISH]]>
              </value>
            </param>
            <param index="1">
              <value>
                <![CDATA[FI-FW-02]]>
              </value>
            </param>
          </params>
          <reporter-output>
          </reporter-output>
        </test-method> <!-- verifyProductAddToCart -->
        <test-method is-config="true" signature="tearDown()[pri:0, instance:com.petstore.tests.SearchTest@639c2c1d]" started-at="2026-02-08T13:11:38 IST" name="tearDown" finished-at="2026-02-08T13:11:39 IST" duration-ms="283" status="PASS">
          <reporter-output>
          </reporter-output>
        </test-method> <!-- tearDown -->
        <test-method is-config="true" signature="setup()[pri:0, instance:com.petstore.tests.SearchTest@639c2c1d]" started-at="2026-02-08T13:11:39 IST" name="setup" finished-at="2026-02-08T13:11:41 IST" duration-ms="2164" status="PASS">
          <reporter-output>
          </reporter-output>
        </test-method> <!-- setup -->
        <test-method signature="verifyProductAddToCart(java.lang.String,java.lang.String)[pri:0, instance:com.petstore.tests.SearchTest@639c2c1d]" started-at="2026-02-08T13:11:41 IST" name="verifyProductAddToCart" data-provider="productData" finished-at="2026-02-08T13:11:45 IST" duration-ms="4143" status="PASS">
          <params>
            <param index="0">
              <value>
                <![CDATA[CATS]]>
              </value>
            </param>
            <param index="1">
              <value>
                <![CDATA[FL-DSH-01]]>
              </value>
            </param>
          </params>
          <reporter-output>
          </reporter-output>
        </test-method> <!-- verifyProductAddToCart -->
        <test-method is-config="true" signature="tearDown()[pri:0, instance:com.petstore.tests.SearchTest@639c2c1d]" started-at="2026-02-08T13:11:45 IST" name="tearDown" finished-at="2026-02-08T13:11:45 IST" duration-ms="311" status="PASS">
          <reporter-output>
          </reporter-output>
        </test-method> <!-- tearDown -->
        <test-method is-config="true" signature="setup()[pri:0, instance:com.petstore.tests.SearchTest@639c2c1d]" started-at="2026-02-08T13:11:45 IST" name="setup" finished-at="2026-02-08T13:11:48 IST" duration-ms="2368" status="PASS">
          <reporter-output>
          </reporter-output>
        </test-method> <!-- setup -->
        <test-method signature="verifyProductAddToCart(java.lang.String,java.lang.String)[pri:0, instance:com.petstore.tests.SearchTest@639c2c1d]" started-at="2026-02-08T13:11:48 IST" name="verifyProductAddToCart" data-provider="productData" finished-at="2026-02-08T13:11:52 IST" duration-ms="4440" status="PASS">
          <params>
            <param index="0">
              <value>
                <![CDATA[CATS]]>
              </value>
            </param>
            <param index="1">
              <value>
                <![CDATA[FL-DLH-02]]>
              </value>
            </param>
          </params>
          <reporter-output>
          </reporter-output>
        </test-method> <!-- verifyProductAddToCart -->
        <test-method is-config="true" signature="tearDown()[pri:0, instance:com.petstore.tests.SearchTest@639c2c1d]" started-at="2026-02-08T13:11:52 IST" name="tearDown" finished-at="2026-02-08T13:11:52 IST" duration-ms="306" status="PASS">
          <reporter-output>
          </reporter-output>
        </test-method> <!-- tearDown -->
        <test-method is-config="true" signature="setup()[pri:0, instance:com.petstore.tests.SearchTest@639c2c1d]" started-at="2026-02-08T13:11:52 IST" name="setup" finished-at="2026-02-08T13:11:55 IST" duration-ms="2433" status="PASS">
          <reporter-output>
          </reporter-output>
        </test-method> <!-- setup -->
        <test-method signature="verifyProductAddToCart(java.lang.String,java.lang.String)[pri:0, instance:com.petstore.tests.SearchTest@639c2c1d]" started-at="2026-02-08T13:11:55 IST" name="verifyProductAddToCart" data-provider="productData" finished-at="2026-02-08T13:11:59 IST" duration-ms="3909" status="PASS">
          <params>
            <param index="0">
              <value>
                <![CDATA[REPTILES]]>
              </value>
            </param>
            <param index="1">
              <value>
                <![CDATA[RP-SN-01]]>
              </value>
            </param>
          </params>
          <reporter-output>
          </reporter-output>
        </test-method> <!-- verifyProductAddToCart -->
        <test-method is-config="true" signature="tearDown()[pri:0, instance:com.petstore.tests.SearchTest@639c2c1d]" started-at="2026-02-08T13:11:59 IST" name="tearDown" finished-at="2026-02-08T13:11:59 IST" duration-ms="313" status="PASS">
          <reporter-output>
          </reporter-output>
        </test-method> <!-- tearDown -->
        <test-method is-config="true" signature="setup()[pri:0, instance:com.petstore.tests.SearchTest@639c2c1d]" started-at="2026-02-08T13:11:59 IST" name="setup" finished-at="2026-02-08T13:12:01 IST" duration-ms="2498" status="PASS">
          <reporter-output>
          </reporter-output>
        </test-method> <!-- setup -->
        <test-method signature="verifyProductAddToCart(java.lang.String,java.lang.String)[pri:0, instance:com.petstore.tests.SearchTest@639c2c1d]" started-at="2026-02-08T13:12:01 IST" name="verifyProductAddToCart" data-provider="productData" finished-at="2026-02-08T13:12:05 IST" duration-ms="3949" status="PASS">
          <params>
            <param index="0">
              <value>
                <![CDATA[REPTILES]]>
              </value>
            </param>
            <param index="1">
              <value>
                <![CDATA[RP-LI-02]]>
              </value>
            </param>
          </params>
          <reporter-output>
          </reporter-output>
        </test-method> <!-- verifyProductAddToCart -->
        <test-method is-config="true" signature="tearDown()[pri:0, instance:com.petstore.tests.SearchTest@639c2c1d]" started-at="2026-02-08T13:12:05 IST" name="tearDown" finished-at="2026-02-08T13:12:06 IST" duration-ms="279" status="PASS">
          <reporter-output>
          </reporter-output>
        </test-method> <!-- tearDown -->
        <test-method is-config="true" signature="setup()[pri:0, instance:com.petstore.tests.SearchTest@639c2c1d]" started-at="2026-02-08T13:12:06 IST" name="setup" finished-at="2026-02-08T13:12:08 IST" duration-ms="2422" status="PASS">
          <reporter-output>
          </reporter-output>
        </test-method> <!-- setup -->
        <test-method signature="verifyProductAddToCart(java.lang.String,java.lang.String)[pri:0, instance:com.petstore.tests.SearchTest@639c2c1d]" started-at="2026-02-08T13:12:08 IST" name="verifyProductAddToCart" data-provider="productData" finished-at="2026-02-08T13:12:12 IST" duration-ms="3848" status="PASS">
          <params>
            <param index="0">
              <value>
                <![CDATA[BIRDS]]>
              </value>
            </param>
            <param index="1">
              <value>
                <![CDATA[AV-CB-01]]>
              </value>
            </param>
          </params>
          <reporter-output>
          </reporter-output>
        </test-method> <!-- verifyProductAddToCart -->
        <test-method is-config="true" signature="tearDown()[pri:0, instance:com.petstore.tests.SearchTest@639c2c1d]" started-at="2026-02-08T13:12:12 IST" name="tearDown" finished-at="2026-02-08T13:12:12 IST" duration-ms="344" status="PASS">
          <reporter-output>
          </reporter-output>
        </test-method> <!-- tearDown -->
        <test-method is-config="true" signature="setup()[pri:0, instance:com.petstore.tests.SearchTest@639c2c1d]" started-at="2026-02-08T13:12:12 IST" name="setup" finished-at="2026-02-08T13:12:15 IST" duration-ms="2477" status="PASS">
          <reporter-output>
          </reporter-output>
        </test-method> <!-- setup -->
        <test-method signature="verifyProductAddToCart(java.lang.String,java.lang.String)[pri:0, instance:com.petstore.tests.SearchTest@639c2c1d]" started-at="2026-02-08T13:12:15 IST" name="verifyProductAddToCart" data-provider="productData" finished-at="2026-02-08T13:12:19 IST" duration-ms="4157" status="PASS">
          <params>
            <param index="0">
              <value>
                <![CDATA[BIRDS]]>
              </value>
            </param>
            <param index="1">
              <value>
                <![CDATA[AV-SB-02]]>
              </value>
            </param>
          </params>
          <reporter-output>
          </reporter-output>
        </test-method> <!-- verifyProductAddToCart -->
        <test-method is-config="true" signature="tearDown()[pri:0, instance:com.petstore.tests.SearchTest@639c2c1d]" started-at="2026-02-08T13:12:19 IST" name="tearDown" finished-at="2026-02-08T13:12:19 IST" duration-ms="314" status="PASS">
          <reporter-output>
          </reporter-output>
        </test-method> <!-- tearDown -->
      </class> <!-- com.petstore.tests.SearchTest -->
    </test> <!-- Login Tests -->
  </suite> <!-- Petstore Suite -->
</testng-results>
