<?xml version="1.0" encoding="UTF-8"?>
<!-- Generated by org.testng.reporters.JUnitReportReporter -->
<testsuite hostname="ASAG" failures="0" tests="16" name="com.petstore.tests.SearchTest" time="110.666" errors="0" timestamp="2026-02-08T13:14:35 IST" skipped="0">
  <testcase classname="com.petstore.tests.SearchTest" name="verifyProductAddToCart" time="6.719"/>
  <testcase classname="com.petstore.tests.SearchTest" name="verifyProductAddToCart" time="7.442"/>
  <testcase classname="com.petstore.tests.SearchTest" name="verifyProductAddToCart" time="6.640"/>
  <testcase classname="com.petstore.tests.SearchTest" name="verifyProductAddToCart" time="6.720"/>
  <testcase classname="com.petstore.tests.SearchTest" name="verifyProductAddToCart" time="6.864"/>
  <testcase classname="com.petstore.tests.SearchTest" name="verifyProductAddToCart" time="7.299"/>
  <testcase classname="com.petstore.tests.SearchTest" name="verifyProductAddToCart" time="6.582"/>
  <testcase classname="com.petstore.tests.SearchTest" name="verifyProductAddToCart" time="6.823"/>
  <testcase classname="com.petstore.tests.SearchTest" name="verifyProductAddToCart" time="6.898"/>
  <testcase classname="com.petstore.tests.SearchTest" name="verifyProductAddToCart" time="7.166"/>
  <testcase classname="com.petstore.tests.SearchTest" name="verifyProductAddToCart" time="6.643"/>
  <testcase classname="com.petstore.tests.SearchTest" name="verifyProductAddToCart" time="6.552"/>
  <testcase classname="com.petstore.tests.SearchTest" name="verifyProductAddToCart" time="7.206"/>
  <testcase classname="com.petstore.tests.SearchTest" name="verifyProductAddToCart" time="7.042"/>
  <testcase classname="com.petstore.tests.SearchTest" name="verifyProductAddToCart" time="6.992"/>
  <testcase classname="com.petstore.tests.SearchTest" name="verifyProductAddToCart" time="7.078"/>
</testsuite> <!-- com.petstore.tests.SearchTest -->
