<?xml version="1.0" encoding="UTF-8"?>
<!-- Generated by org.testng.reporters.JUnitReportReporter -->
<testsuite hostname="ASAG" failures="0" tests="16" name="com.petstore.tests.CheckoutTest" time="135.071" errors="0" timestamp="2026-02-08T13:14:35 IST" skipped="0">
  <testcase classname="com.petstore.tests.CheckoutTest" name="verifyCheckoutFlow" time="8.650"/>
  <testcase classname="com.petstore.tests.CheckoutTest" name="verifyCheckoutFlow" time="8.207"/>
  <testcase classname="com.petstore.tests.CheckoutTest" name="verifyCheckoutFlow" time="8.817"/>
  <testcase classname="com.petstore.tests.CheckoutTest" name="verifyCheckoutFlow" time="8.576"/>
  <testcase classname="com.petstore.tests.CheckoutTest" name="verifyCheckoutFlow" time="8.305"/>
  <testcase classname="com.petstore.tests.CheckoutTest" name="verifyCheckoutFlow" time="9.615"/>
  <testcase classname="com.petstore.tests.CheckoutTest" name="verifyCheckoutFlow" time="7.794"/>
  <testcase classname="com.petstore.tests.CheckoutTest" name="verifyCheckoutFlow" time="8.868"/>
  <testcase classname="com.petstore.tests.CheckoutTest" name="verifyCheckoutFlow" time="8.168"/>
  <testcase classname="com.petstore.tests.CheckoutTest" name="verifyCheckoutFlow" time="8.268"/>
  <testcase classname="com.petstore.tests.CheckoutTest" name="verifyCheckoutFlow" time="8.356"/>
  <testcase classname="com.petstore.tests.CheckoutTest" name="verifyCheckoutFlow" time="8.623"/>
  <testcase classname="com.petstore.tests.CheckoutTest" name="verifyCheckoutFlow" time="8.461"/>
  <testcase classname="com.petstore.tests.CheckoutTest" name="verifyCheckoutFlow" time="8.314"/>
  <testcase classname="com.petstore.tests.CheckoutTest" name="verifyCheckoutFlow" time="8.012"/>
  <testcase classname="com.petstore.tests.CheckoutTest" name="verifyCheckoutFlow" time="8.037"/>
</testsuite> <!-- com.petstore.tests.CheckoutTest -->
